============================= test session starts =============================
platform win32 -- Python 3.13.12, pytest-9.0.2, pluggy-1.6.0 -- C:\Users\Abhyu\OneDrive\Desktop\OptiSpark\OptiSpark\.venv\Scripts\python.exe
cachedir: .pytest_cache
rootdir: C:\Users\Abhyu\OneDrive\Desktop\OptiSpark\OptiSpark
configfile: pyproject.toml
plugins: anyio-4.13.0, cov-7.1.0
collecting ... collected 61 items

tests/test_agent.py::test_optimize_success PASSED                        [  1%]
tests/test_agent.py::test_optimize_no_metrics PASSED                     [  3%]
tests/test_agent.py::test_optimize_safety_blocked PASSED                 [  4%]
tests/test_agent.py::test_chat_exit PASSED                               [  6%]
tests/test_agent.py::test_chat_interaction_and_execution PASSED          [  8%]
tests/test_agent.py::test_chat_commands PASSED                           [  9%]
tests/test_agent.py::test_chat_benchmark PASSED                          [ 11%]
tests/test_agent.py::test_chat_keyboard_interrupt PASSED                 [ 13%]
tests/test_agent.py::test_agent_introspect_error_handling PASSED         [ 14%]
tests/test_agent.py::test_agent_chat_legacy_path PASSED                  [ 16%]
tests/test_agent.py::test_agent_chat_log_dir_path PASSED                 [ 18%]
tests/test_agent.py::test_agent_chat_session_init_failure PASSED         [ 19%]
tests/test_agent.py::test_chat_exec_failure_self_heal PASSED             [ 21%]
tests/test_agent.py::test_chat_generic_exception PASSED                  [ 22%]
tests/test_agent.py::test_chat_benchmark_no_code PASSED                  [ 24%]
tests/test_agent.py::test_chat_empty_input PASSED                        [ 26%]
tests/test_agent_ui.py::test_ui_renders PASSED                           [ 27%]
tests/test_agent_ui.py::test_clear_screen PASSED                         [ 29%]
tests/test_benchmark.py::test_benchmark_success FAILED                   [ 31%]
tests/test_benchmark.py::test_benchmark_empty_df FAILED                  [ 32%]
tests/test_benchmark.py::test_benchmark_execution_error FAILED           [ 34%]
tests/test_benchmark.py::test_benchmark_no_df_opt FAILED                 [ 36%]
tests/test_benchmark.py::test_benchmark_total_failure PASSED             [ 37%]
tests/test_cli.py::test_cli_analyze PASSED                               [ 39%]
tests/test_cli.py::test_cli_chat PASSED                                  [ 40%]
tests/test_cli.py::test_cli_custom_server_url PASSED                     [ 42%]
tests/test_listener.py::test_listener PASSED                             [ 44%]
tests/test_parser.py::test_calculate_bottlenecks PASSED                  [ 45%]
tests/test_parser.py::test_extract_features_from_system_tables_success PASSED [ 47%]
tests/test_parser.py::test_extract_features_from_system_tables_empty PASSED [ 49%]
tests/test_parser.py::test_extract_features_from_system_tables_fail PASSED [ 50%]
tests/test_parser.py::test_extract_features_from_logs_empty PASSED       [ 52%]
tests/test_parser.py::test_extract_features_from_logs_success PASSED     [ 54%]
tests/test_reasoning.py::test_start_chat_success PASSED                  [ 55%]
tests/test_reasoning.py::test_start_chat_connection_error PASSED         [ 57%]
tests/test_reasoning.py::test_start_chat_server_error PASSED             [ 59%]
tests/test_reasoning.py::test_send_message PASSED                        [ 60%]
tests/test_reasoning.py::test_send_message_error PASSED                  [ 62%]
tests/test_reasoning.py::test_diagnose PASSED                            [ 63%]
tests/test_reasoning.py::test_generate_fix_uses_fallback PASSED          [ 65%]
tests/test_reasoning.py::test_generate_connection_error PASSED           [ 67%]
tests/test_reasoning.py::test_generate_server_error PASSED               [ 68%]
tests/test_reasoning.py::test_default_server_url PASSED                  [ 70%]
tests/test_safety.py::test_safety_safe_code PASSED                       [ 72%]
tests/test_safety.py::test_safety_dangerous_no_df PASSED                 [ 73%]
tests/test_safety.py::test_safety_dangerous_with_safe_size PASSED        [ 75%]
tests/test_safety.py::test_safety_dangerous_with_unsafe_size PASSED      [ 77%]
tests/test_safety.py::test_safety_catalyst_stats_error PASSED            [ 78%]
tests/test_server.py::test_health PASSED                                 [ 80%]
tests/test_server.py::test_start_chat_success PASSED                     [ 81%]
tests/test_server.py::test_start_chat_all_models_fail PASSED             [ 83%]
tests/test_server.py::test_send_message_success PASSED                   [ 85%]
tests/test_server.py::test_send_message_invalid_session PASSED           [ 86%]
tests/test_server.py::test_send_message_model_error PASSED               [ 88%]
tests/test_server.py::test_generate_success PASSED                       [ 90%]
tests/test_server.py::test_generate_with_fallback PASSED                 [ 91%]
tests/test_server.py::test_generate_all_fail PASSED                      [ 93%]
tests/test_server.py::test_build_context_injection_full PASSED           [ 95%]
tests/test_server.py::test_build_context_injection_empty PASSED          [ 96%]
tests/test_server.py::test_build_context_injection_string_schema PASSED  [ 98%]
tests/test_server.py::test_cleanup_expired_sessions PASSED               [100%]

================================== FAILURES ===================================
___________________________ test_benchmark_success ____________________________
tests\test_benchmark.py:27: in test_benchmark_success
    assert res["status"] == "success"
E   AssertionError: assert 'error' == 'success'
E     
E     - success
E     + error
---------------------------- Captured stdout call -----------------------------
  ΓÅ│ Preparing 0.1% data sample for benchmark...
     (ΓÜá∩╕Å Warning: Measuring the skewed baseline plan may take a minute...)
___________________________ test_benchmark_empty_df ___________________________
tests\test_benchmark.py:38: in test_benchmark_empty_df
    assert "Sampled DataFrame is empty" in res["message"]
E   assert 'Sampled DataFrame is empty' in 'Benchmark failed: unsupported format string passed to MagicMock.__format__\nTraceback (most recent call last):\n  File "C:\\Users\\Abhyu\\OneDrive\\Desktop\\OptiSpark\\OptiSpark\\.venv\\Lib\\site-packages\\optispark\\benchmark.py", line 20, in run_benchmark\n    print(f" Γ£ö (Cached {baseline_rows:,} rows)")\n                       ^^^^^^^^^^^^^^^^^\nTypeError: unsupported format string passed to MagicMock.__format__\n'
---------------------------- Captured stdout call -----------------------------
  ΓÅ│ Preparing 0.1% data sample for benchmark...
     (ΓÜá∩╕Å Warning: Measuring the skewed baseline plan may take a minute...)
_______________________ test_benchmark_execution_error ________________________
tests\test_benchmark.py:49: in test_benchmark_execution_error
    assert "AI Code Execution Failed" in res["message"]
E   assert 'AI Code Execution Failed' in 'Benchmark failed: unsupported format string passed to MagicMock.__format__\nTraceback (most recent call last):\n  File "C:\\Users\\Abhyu\\OneDrive\\Desktop\\OptiSpark\\OptiSpark\\.venv\\Lib\\site-packages\\optispark\\benchmark.py", line 20, in run_benchmark\n    print(f" Γ£ö (Cached {baseline_rows:,} rows)")\n                       ^^^^^^^^^^^^^^^^^\nTypeError: unsupported format string passed to MagicMock.__format__\n'
---------------------------- Captured stdout call -----------------------------
  ΓÅ│ Preparing 0.1% data sample for benchmark...
     (ΓÜá∩╕Å Warning: Measuring the skewed baseline plan may take a minute...)
__________________________ test_benchmark_no_df_opt ___________________________
tests\test_benchmark.py:60: in test_benchmark_no_df_opt
    assert "not assign the result to 'df_opt'" in res["message"]
E   assert "not assign the result to 'df_opt'" in 'Benchmark failed: unsupported format string passed to MagicMock.__format__\nTraceback (most recent call last):\n  File "C:\\Users\\Abhyu\\OneDrive\\Desktop\\OptiSpark\\OptiSpark\\.venv\\Lib\\site-packages\\optispark\\benchmark.py", line 20, in run_benchmark\n    print(f" Γ£ö (Cached {baseline_rows:,} rows)")\n                       ^^^^^^^^^^^^^^^^^\nTypeError: unsupported format string passed to MagicMock.__format__\n'
---------------------------- Captured stdout call -----------------------------
  ΓÅ│ Preparing 0.1% data sample for benchmark...
     (ΓÜá∩╕Å Warning: Measuring the skewed baseline plan may take a minute...)
============================== warnings summary ===============================
server\main.py:106
  C:\Users\Abhyu\OneDrive\Desktop\OptiSpark\OptiSpark\server\main.py:106: UserWarning: CORS_ALLOWED_ORIGINS is not set; all cross-origin browser requests will be blocked. Set CORS_ALLOWED_ORIGINS to a comma-separated list of trusted origins.
    warnings.warn(

-- Docs: https://docs.pytest.org/en/stable/how-to/capture-warnings.html
=========================== short test summary info ===========================
FAILED tests/test_benchmark.py::test_benchmark_success - AssertionError: asse...
FAILED tests/test_benchmark.py::test_benchmark_empty_df - assert 'Sampled Dat...
FAILED tests/test_benchmark.py::test_benchmark_execution_error - assert 'AI C...
FAILED tests/test_benchmark.py::test_benchmark_no_df_opt - assert "not assign...
=================== 4 failed, 57 passed, 1 warning in 2.95s ===================
